<?xml version="1.0" encoding="UTF-8"?>
<testsuites tests="6" failures="0" disabled="0" errors="0" time="0.045" timestamp="2025-05-26T16:39:15.285" name="AllTests">
  <testsuite name="SignExtensionTestbench" tests="6" failures="0" disabled="0" skipped="0" errors="0" time="0.045" timestamp="2025-05-26T16:39:15.285">
    <testcase name="ITypeImmediate" status="run" result="completed" time="0" timestamp="2025-05-26T16:39:15.285" classname="SignExtensionTestbench" />
    <testcase name="MTypeLoadImmediate" status="run" result="completed" time="0.042" timestamp="2025-05-26T16:39:15.286" classname="SignExtensionTestbench" />
    <testcase name="MTypeStoreImmediate" status="run" result="completed" time="0" timestamp="2025-05-26T16:39:15.328" classname="SignExtensionTestbench" />
    <testcase name="CTypeBranchImmediate" status="run" result="completed" time="0" timestamp="2025-05-26T16:39:15.329" classname="SignExtensionTestbench" />
    <testcase name="CTypeCallImmediate" status="run" result="completed" time="0" timestamp="2025-05-26T16:39:15.329" classname="SignExtensionTestbench" />
    <testcase name="DefaultImmediateCase" status="run" result="completed" time="0" timestamp="2025-05-26T16:39:15.330" classname="SignExtensionTestbench" />
  </testsuite>
</testsuites>
